This is XeTeX, Version 3.1415926-2.4-0.9998 (TeX Live 2012) (format=xelatex 2012.6.30)  12 DEC 2012 19:52
entering extended mode
 restricted \write18 enabled.
 %&-line parsing enabled.
**report
(./report.tex
LaTeX2e <2011/06/27>
Babel <v3.8m> and hyphenation patterns for english, dumylang, nohyphenation, ge
rman-x-2012-05-30, ngerman-x-2012-05-30, afrikaans, ancientgreek, ibycus, arabi
c, armenian, basque, bulgarian, catalan, pinyin, coptic, croatian, czech, danis
h, dutch, ukenglish, usenglishmax, esperanto, estonian, ethiopic, farsi, finnis
h, french, friulan, galician, german, ngerman, swissgerman, monogreek, greek, h
ungarian, icelandic, assamese, bengali, gujarati, hindi, kannada, malayalam, ma
rathi, oriya, panjabi, tamil, telugu, indonesian, interlingua, irish, italian, 
kurmanji, latin, latvian, lithuanian, mongolian, mongolianlmc, bokmal, nynorsk,
 polish, portuguese, romanian, romansh, russian, sanskrit, serbian, serbianc, s
lovak, slovenian, spanish, swedish, turkish, turkmen, ukrainian, uppersorbian, 
welsh, loaded.
(/usr/local/texlive/2012/texmf-dist/tex/latex/base/article.cls
Document Class: article 2007/10/19 v1.4h Standard LaTeX document class
(/usr/local/texlive/2012/texmf-dist/tex/latex/base/size11.clo
File: size11.clo 2007/10/19 v1.4h Standard LaTeX file (size option)
)
\c@part=\count80
\c@section=\count81
\c@subsection=\count82
\c@subsubsection=\count83
\c@paragraph=\count84
\c@subparagraph=\count85
\c@figure=\count86
\c@table=\count87
\abovecaptionskip=\skip41
\belowcaptionskip=\skip42
\bibindent=\dimen102
)
(./naaclhlt2013.sty
Conference Style for NAACL-HLT 2012 -- released August 30, 2011
\titlebox=\skip43
) (/usr/local/texlive/2012/texmf-dist/tex/latex/psnfss/times.sty
Package: times 2005/04/12 PSNFSS-v9.2a (SPQR) 
)
(/usr/local/texlive/2012/texmf-dist/tex/latex/base/latexsym.sty
Package: latexsym 1998/08/17 v2.2e Standard LaTeX package (lasy symbols)
\symlasy=\mathgroup4
LaTeX Font Info:    Overwriting symbol font `lasy' in version `bold'
(Font)                  U/lasy/m/n --> U/lasy/b/n on input line 47.
)
(/usr/local/texlive/2012/texmf-dist/tex/latex/graphics/graphicx.sty
Package: graphicx 1999/02/16 v1.0f Enhanced LaTeX Graphics (DPC,SPQR)

(/usr/local/texlive/2012/texmf-dist/tex/latex/graphics/keyval.sty
Package: keyval 1999/03/16 v1.13 key=value parser (DPC)
\KV@toks@=\toks14
)
(/usr/local/texlive/2012/texmf-dist/tex/latex/graphics/graphics.sty
Package: graphics 2009/02/05 v1.0o Standard LaTeX Graphics (DPC,SPQR)

(/usr/local/texlive/2012/texmf-dist/tex/latex/graphics/trig.sty
Package: trig 1999/03/16 v1.09 sin cos tan (DPC)
)
(/usr/local/texlive/2012/texmf-dist/tex/latex/latexconfig/graphics.cfg
File: graphics.cfg 2010/04/23 v1.9 graphics configuration of TeX Live
)
Package graphics Info: Driver file: xetex.def on input line 91.

(/usr/local/texlive/2012/texmf-dist/tex/xelatex/xetex-def/xetex.def
File: xetex.def 2009/11/22 v0.94 LaTeX color/graphics driver for XeTeX (RRM/JK)

))
\Gin@req@height=\dimen103
\Gin@req@width=\dimen104
)
(/usr/local/texlive/2012/texmf-dist/tex/latex/appendix/appendix.sty
Package: appendix 2009/09/02 v1.2b extra appendix facilities
\c@@pps=\count88
\c@@ppsavesec=\count89
\c@@ppsaveapp=\count90
)
(./report.aux

LaTeX Warning: Label `tab:statistics' multiply defined.

)
\openout1 = `report.aux'.

LaTeX Font Info:    Checking defaults for OML/cmm/m/it on input line 30.
LaTeX Font Info:    ... okay on input line 30.
LaTeX Font Info:    Checking defaults for T1/cmr/m/n on input line 30.
LaTeX Font Info:    ... okay on input line 30.
LaTeX Font Info:    Checking defaults for OT1/cmr/m/n on input line 30.
LaTeX Font Info:    ... okay on input line 30.
LaTeX Font Info:    Checking defaults for OMS/cmsy/m/n on input line 30.
LaTeX Font Info:    ... okay on input line 30.
LaTeX Font Info:    Checking defaults for OMX/cmex/m/n on input line 30.
LaTeX Font Info:    ... okay on input line 30.
LaTeX Font Info:    Checking defaults for U/cmr/m/n on input line 30.
LaTeX Font Info:    ... okay on input line 30.
LaTeX Font Info:    Try loading font information for OT1+ptm on input line 30.
 (/usr/local/texlive/2012/texmf-dist/tex/latex/psnfss/ot1ptm.fd
File: ot1ptm.fd 2001/06/04 font definitions for OT1/ptm.
)
LaTeX Font Info:    Font shape `OT1/ptm/bx/n' in size <14.4> not available
(Font)              Font shape `OT1/ptm/b/n' tried instead on input line 31.
LaTeX Font Info:    External font `cmex10' loaded for size
(Font)              <12> on input line 31.
LaTeX Font Info:    External font `cmex10' loaded for size
(Font)              <8> on input line 31.
LaTeX Font Info:    External font `cmex10' loaded for size
(Font)              <6> on input line 31.
LaTeX Font Info:    Try loading font information for U+lasy on input line 31.

(/usr/local/texlive/2012/texmf-dist/tex/latex/base/ulasy.fd
File: ulasy.fd 1998/08/17 v2.2e LaTeX symbol font definitions
)
LaTeX Font Info:    Font shape `OT1/ptm/bx/n' in size <12> not available
(Font)              Font shape `OT1/ptm/b/n' tried instead on input line 31.
LaTeX Font Info:    Try loading font information for OT1+pcr on input line 31.

(/usr/local/texlive/2012/texmf-dist/tex/latex/psnfss/ot1pcr.fd
File: ot1pcr.fd 2001/06/04 font definitions for OT1/pcr.
)
Missing character: There is no “ in font ptmr7t!
Missing character: There is no ” in font ptmr7t!
Missing character: There is no “ in font ptmr7t!
Missing character: There is no ” in font ptmr7t!

Underfull \hbox (badness 1314) in paragraph at lines 61--62
\OT1/ptm/m/n/10.95 Predicting has been stud-ied in Ma-chine Learn-
 []

[1




]
LaTeX Font Info:    External font `cmex10' loaded for size
(Font)              <10.95> on input line 85.
LaTeX Font Info:    Font shape `OT1/ptm/bx/n' in size <10.95> not available
(Font)              Font shape `OT1/ptm/b/n' tried instead on input line 99.
File: materials/architecture.eps Graphic file (type eps)
 <materials/architecture.eps>
LaTeX Font Info:    Try loading font information for OMS+ptm on input line 123.


(/usr/local/texlive/2012/texmf-dist/tex/latex/psnfss/omsptm.fd
File: omsptm.fd 
)
LaTeX Font Info:    Font shape `OMS/ptm/m/n' in size <10.95> not available
(Font)              Font shape `OMS/cmsy/m/n' tried instead on input line 123.

Underfull \hbox (badness 1067) in paragraph at lines 123--125
\OT1/ptm/m/n/10.95 num-ber of ta-bles/formulas/figures per page,
 []


Underfull \hbox (badness 2418) in paragraph at lines 123--125
\OT1/ptm/m/n/10.95 max num-ber of ta-bles/formulas/figures per
 []

Missing character: There is no ’ in font ptmr7t!
Missing character: There is no ’ in font ptmr7t!
Missing character: There is no – in font ptmb7t!
[2]
Missing character: There is no … in font ptmr7t!
Missing character: There is no ’ in font ptmr7t!

Underfull \vbox (badness 10000) has occurred while \output is active []


Underfull \hbox (badness 1077) in paragraph at lines 156--157
\OT1/ptm/m/n/10.95 Ex-trac-tor. Meta-data Ex-trac-tor uses reg-u-lar ex-
 []

Missing character: There is no ’ in font ptmr7t!
Missing character: There is no ’ in font ptmr7t!

Underfull \vbox (badness 10000) has occurred while \output is active []

 [3]
Underfull \hbox (badness 1365) in paragraph at lines 167--169
[]\OT1/ptm/b/n/10.95 Author ranker \OT1/ptm/m/n/10.95 Au-thor ranker ex-tracts 
top
 []


Underfull \hbox (badness 1917) in paragraph at lines 180--180
[]\OT1/ptm/m/n/10.95 HMM; HMMs; Hid-den
 []


Underfull \hbox (badness 2261) in paragraph at lines 181--181
[]\OT1/ptm/m/n/10.95 MaxEnt; max-i-mum en-
 []


Underfull \hbox (badness 10000) in paragraph at lines 182--182
[]\OT1/ptm/m/n/10.95 MEMM; maximum-
 []


Underfull \hbox (badness 2970) in paragraph at lines 182--182
\OT1/ptm/m/n/10.95 entropy Markov model;
 []


Underfull \hbox (badness 10000) in paragraph at lines 182--182
\OT1/ptm/m/n/10.95 max-i-mum en-tropy
 []


Underfull \hbox (badness 10000) in paragraph at lines 184--184
[]\OT1/ptm/m/n/10.95 NER; named-entity
 []


Underfull \hbox (badness 2644) in paragraph at lines 184--184
\OT1/ptm/m/n/10.95 recog-ni-tion; named en-
 []


Underfull \hbox (badness 5756) in paragraph at lines 184--184
\OT1/ptm/m/n/10.95 tity recog-ni-tion; en-tity
 []


Underfull \hbox (badness 10000) in paragraph at lines 184--184
\OT1/ptm/m/n/10.95 iden-ti-fi-ca-tion; en-tity
 []


Underfull \hbox (badness 7963) in paragraph at lines 185--185
[]\OT1/ptm/m/n/10.95 SVM; SVMs; sup-port
 []


Underfull \hbox (badness 1221) in paragraph at lines 185--185
\OT1/ptm/m/n/10.95 vec-tor net-work; sup-port
 []


Underfull \hbox (badness 10000) in paragraph at lines 188--188
[]\OT1/ptm/m/n/10.95 LSI; la-tent se-man-tic
 []


Underfull \hbox (badness 10000) in paragraph at lines 188--188
\OT1/ptm/m/n/10.95 value de-com-po-si-tion;
 []


Underfull \hbox (badness 10000) in paragraph at lines 188--188
\OT1/ptm/m/n/10.95 LSA; la-tent se-man-tic
 []


Underfull \hbox (badness 2538) in paragraph at lines 189--189
\OT1/ptm/m/n/10.95 gence; Kullback-Leibler
 []


Underfull \hbox (badness 10000) in paragraph at lines 189--189
\OT1/ptm/m/n/10.95 di-ver-gence; Kull-back
 []


Underfull \hbox (badness 10000) in paragraph at lines 189--189
\OT1/ptm/m/n/10.95 Leibler di-ver-gence;
 []

[4]
Underfull \hbox (badness 10000) in paragraph at lines 262--262
[]\OT1/ptm/m/n/10.95 Popular
 []


Underfull \hbox (badness 10000) in paragraph at lines 263--263
[]\OT1/ptm/m/n/10.95 Author
 []


Underfull \hbox (badness 10000) in paragraph at lines 264--264
[]\OT1/ptm/m/n/10.95 Sentence
 []


Underfull \hbox (badness 10000) in paragraph at lines 293--293
[]\OT1/ptm/m/n/10.95 Sentence
 []


Underfull \hbox (badness 10000) in paragraph at lines 294--294
[]\OT1/ptm/m/n/10.95 Metadata
 []


Underfull \hbox (badness 10000) in paragraph at lines 294--294
\OT1/ptm/m/n/10.95 &LDA&
 []

[5]
Underfull \hbox (badness 10000) in paragraph at lines 311--311
[]\OT1/ptm/m/n/10.95 Sentence
 []


Underfull \hbox (badness 10000) in paragraph at lines 312--312
[]\OT1/ptm/m/n/10.95 Metadata
 []


Underfull \hbox (badness 10000) in paragraph at lines 312--312
\OT1/ptm/m/n/10.95 &LDA&
 []


Underfull \hbox (badness 10000) in paragraph at lines 328--328
[]\OT1/ptm/m/n/10.95 Sentence
 []


Underfull \hbox (badness 10000) in paragraph at lines 329--329
[]\OT1/ptm/m/n/10.95 Metadata
 []


Underfull \hbox (badness 10000) in paragraph at lines 329--329
\OT1/ptm/m/n/10.95 &LDA&
 []

Missing character: There is no ’ in font ptmr7t!
[6]
File: materials/paper_uml.png Graphic file (type QTm)
 <use  "materials/paper_uml.png" >
File: materials/workload.eps Graphic file (type eps)
 <materials/workload.eps> [7

] [8]
(./report.aux)

LaTeX Warning: There were multiply-defined labels.

 ) 
Here is how much of TeX's memory you used:
 829 strings out of 494004
 11020 string characters out of 3150890
 66811 words of memory out of 3000000
 4114 multiletter control sequences out of 15000+200000
 11733 words of font info for 39 fonts, out of 3000000 for 9000
 1144 hyphenation exceptions out of 8191
 25i,9n,19p,759b,303s stack positions out of 5000i,500n,10000p,200000b,50000s

Output written on report.pdf (8 pages).
